19:55:23 INFO  : Platform repository initialization has completed.
19:55:23 INFO  : Registering command handlers for Vitis TCF services
19:55:23 INFO  : Launching XSCT server: xsct.bat -n  -interactive C:\Users\sri_s\OneDrive\Desktop\ECE_520\Project\software\temp_xsdb_launch_script.tcl
19:55:26 INFO  : XSCT server has started successfully.
19:55:28 INFO  : plnx-install-location is set to ''
19:55:28 INFO  : Successfully done setting XSCT server connection channel  
19:55:28 INFO  : Successfully done query RDI_DATADIR 
19:55:28 INFO  : Successfully done setting workspace for the tool. 
19:57:24 INFO  : Result from executing command 'getProjects': dma_platform
19:57:24 INFO  : Result from executing command 'getPlatforms': 
20:12:38 INFO  : Result from executing command 'getProjects': dma_platform
20:12:38 INFO  : Result from executing command 'getPlatforms': dma_platform|C:/Users/sri_s/OneDrive/Desktop/ECE_520/Project/software/dma_platform/export/dma_platform/dma_platform.xpfm
20:12:39 INFO  : Checking for BSP changes to sync application flags for project 'dma_host'...
20:13:52 INFO  : Connected to target on host '127.0.0.1' and port '3121'.
20:14:11 INFO  : Connected to target on host '127.0.0.1' and port '3121'.
20:14:12 INFO  : 'targets -set -filter {jtag_cable_name =~ "Digilent Zybo Z7 210351B3FEE3A" && level==0 && jtag_device_ctx=="jsn-Zybo Z7-210351B3FEE3A-13722093-0"}' command is executed.
20:14:13 INFO  : Device configured successfully with "C:/Users/sri_s/OneDrive/Desktop/ECE_520/Project/software/dma_host/_ide/bitstream/design_1_wrapper.bit"
20:14:39 INFO  : Checking for BSP changes to sync application flags for project 'dma_host'...
20:14:49 INFO  : Result from executing command 'removePlatformRepo': 
20:15:17 INFO  : Result from executing command 'getProjects': dma_platform
20:15:17 INFO  : Result from executing command 'getPlatforms': 
20:15:17 INFO  : Checking for BSP changes to sync application flags for project 'dma_host'...
20:16:10 INFO  : Result from executing command 'removePlatformRepo': 
20:16:31 INFO  : Result from executing command 'getProjects': dma_platform
20:16:31 INFO  : Result from executing command 'getPlatforms': 
20:16:31 INFO  : Checking for BSP changes to sync application flags for project 'dma_host'...
20:16:42 INFO  : Connected to target on host '127.0.0.1' and port '3121'.
20:16:44 INFO  : Jtag cable 'Digilent Zybo Z7 210351B3FEE3A' is selected.
20:16:53 INFO  : 'jtag frequency' command is executed.
20:16:53 INFO  : Context for 'APU' is selected.
20:16:53 INFO  : System reset is completed.
20:16:56 INFO  : 'after 3000' command is executed.
20:17:02 INFO  : 'targets -set -filter {jtag_cable_name =~ "Digilent Zybo Z7 210351B3FEE3A" && level==0 && jtag_device_ctx=="jsn-Zybo Z7-210351B3FEE3A-13722093-0"}' command is executed.
20:17:04 INFO  : Device configured successfully with "C:/Users/sri_s/OneDrive/Desktop/ECE_520/Project/software/dma_host/_ide/bitstream/design_1_wrapper.bit"
20:17:04 INFO  : Context for 'APU' is selected.
20:17:13 INFO  : Hardware design and registers information is loaded from 'C:/Users/sri_s/OneDrive/Desktop/ECE_520/Project/software/dma_platform/export/dma_platform/hw/design_1_wrapper.xsa'.
20:17:13 INFO  : 'configparams force-mem-access 1' command is executed.
20:17:13 INFO  : Context for 'APU' is selected.
20:17:13 INFO  : Sourcing of 'C:/Users/sri_s/OneDrive/Desktop/ECE_520/Project/software/dma_host/_ide/psinit/ps7_init.tcl' is done.
20:17:41 INFO  : 'ps7_init' command is executed.
20:17:41 INFO  : 'ps7_post_config' command is executed.
20:17:41 INFO  : Context for processor 'ps7_cortexa9_0' is selected.
20:17:51 INFO  : The application 'C:/Users/sri_s/OneDrive/Desktop/ECE_520/Project/software/dma_host/Debug/dma_host.elf' is downloaded to processor 'ps7_cortexa9_0'.
20:18:00 INFO  : 'configparams force-mem-access 0' command is executed.
20:18:00 INFO  : ----------------XSDB Script----------------
connect -url tcp:127.0.0.1:3121
targets -set -nocase -filter {name =~"APU*"}
rst -system
after 3000
targets -set -filter {jtag_cable_name =~ "Digilent Zybo Z7 210351B3FEE3A" && level==0 && jtag_device_ctx=="jsn-Zybo Z7-210351B3FEE3A-13722093-0"}
fpga -file C:/Users/sri_s/OneDrive/Desktop/ECE_520/Project/software/dma_host/_ide/bitstream/design_1_wrapper.bit
targets -set -nocase -filter {name =~"APU*"}
loadhw -hw C:/Users/sri_s/OneDrive/Desktop/ECE_520/Project/software/dma_platform/export/dma_platform/hw/design_1_wrapper.xsa -mem-ranges [list {0x40000000 0xbfffffff}] -regs
configparams force-mem-access 1
targets -set -nocase -filter {name =~"APU*"}
source C:/Users/sri_s/OneDrive/Desktop/ECE_520/Project/software/dma_host/_ide/psinit/ps7_init.tcl
ps7_init
ps7_post_config
targets -set -nocase -filter {name =~ "*A9*#0"}
dow C:/Users/sri_s/OneDrive/Desktop/ECE_520/Project/software/dma_host/Debug/dma_host.elf
configparams force-mem-access 0
----------------End of Script----------------

20:18:10 INFO  : Context for processor 'ps7_cortexa9_0' is selected.
20:18:19 INFO  : 'con' command is executed.
20:18:19 INFO  : ----------------XSDB Script (After Launch)----------------
targets -set -nocase -filter {name =~ "*A9*#0"}
con
----------------End of Script----------------

20:18:19 INFO  : Launch script is exported to file 'C:\Users\sri_s\OneDrive\Desktop\ECE_520\Project\software\dma_host_system\_ide\scripts\debugger_dma_host-default.tcl'
20:31:29 INFO  : Disconnected from the channel tcfchan#2.
20:31:38 INFO  : Connected to target on host '127.0.0.1' and port '3121'.
20:31:38 INFO  : Jtag cable 'Digilent Zybo Z7 210351B3FEE3A' is selected.
20:31:48 INFO  : 'jtag frequency' command is executed.
20:31:48 INFO  : Context for 'APU' is selected.
20:31:48 INFO  : System reset is completed.
20:31:51 INFO  : 'after 3000' command is executed.
20:31:57 INFO  : 'targets -set -filter {jtag_cable_name =~ "Digilent Zybo Z7 210351B3FEE3A" && level==0 && jtag_device_ctx=="jsn-Zybo Z7-210351B3FEE3A-13722093-0"}' command is executed.
20:31:58 INFO  : Device configured successfully with "C:/Users/sri_s/OneDrive/Desktop/ECE_520/Project/software/dma_host/_ide/bitstream/design_1_wrapper.bit"
20:31:58 INFO  : Context for 'APU' is selected.
20:31:58 INFO  : Hardware design and registers information is loaded from 'C:/Users/sri_s/OneDrive/Desktop/ECE_520/Project/software/dma_platform/export/dma_platform/hw/design_1_wrapper.xsa'.
20:31:58 INFO  : 'configparams force-mem-access 1' command is executed.
20:31:58 INFO  : Context for 'APU' is selected.
20:31:58 INFO  : Sourcing of 'C:/Users/sri_s/OneDrive/Desktop/ECE_520/Project/software/dma_host/_ide/psinit/ps7_init.tcl' is done.
20:33:04 INFO  : 'ps7_init' command is executed.
20:33:04 INFO  : 'ps7_post_config' command is executed.
20:33:04 INFO  : Context for processor 'ps7_cortexa9_0' is selected.
20:33:14 INFO  : The application 'C:/Users/sri_s/OneDrive/Desktop/ECE_520/Project/software/dma_host/Debug/dma_host.elf' is downloaded to processor 'ps7_cortexa9_0'.
20:33:23 INFO  : 'configparams force-mem-access 0' command is executed.
20:33:23 INFO  : ----------------XSDB Script----------------
connect -url tcp:127.0.0.1:3121
targets -set -nocase -filter {name =~"APU*"}
rst -system
after 3000
targets -set -filter {jtag_cable_name =~ "Digilent Zybo Z7 210351B3FEE3A" && level==0 && jtag_device_ctx=="jsn-Zybo Z7-210351B3FEE3A-13722093-0"}
fpga -file C:/Users/sri_s/OneDrive/Desktop/ECE_520/Project/software/dma_host/_ide/bitstream/design_1_wrapper.bit
targets -set -nocase -filter {name =~"APU*"}
loadhw -hw C:/Users/sri_s/OneDrive/Desktop/ECE_520/Project/software/dma_platform/export/dma_platform/hw/design_1_wrapper.xsa -mem-ranges [list {0x40000000 0xbfffffff}] -regs
configparams force-mem-access 1
targets -set -nocase -filter {name =~"APU*"}
source C:/Users/sri_s/OneDrive/Desktop/ECE_520/Project/software/dma_host/_ide/psinit/ps7_init.tcl
ps7_init
ps7_post_config
targets -set -nocase -filter {name =~ "*A9*#0"}
dow C:/Users/sri_s/OneDrive/Desktop/ECE_520/Project/software/dma_host/Debug/dma_host.elf
configparams force-mem-access 0
----------------End of Script----------------

20:33:32 INFO  : Context for processor 'ps7_cortexa9_0' is selected.
20:33:42 INFO  : 'con' command is executed.
20:33:42 INFO  : ----------------XSDB Script (After Launch)----------------
targets -set -nocase -filter {name =~ "*A9*#0"}
con
----------------End of Script----------------

20:33:42 INFO  : Launch script is exported to file 'C:\Users\sri_s\OneDrive\Desktop\ECE_520\Project\software\dma_host_system\_ide\scripts\debugger_dma_host-default.tcl'
20:34:19 INFO  : Disconnected from the channel tcfchan#7.
20:35:34 INFO  : Connected to target on host '127.0.0.1' and port '3121'.
20:35:35 INFO  : Jtag cable 'Digilent Zybo Z7 210351B3FEE3A' is selected.
20:35:44 INFO  : 'jtag frequency' command is executed.
20:35:44 INFO  : Context for 'APU' is selected.
20:35:44 INFO  : System reset is completed.
20:35:47 INFO  : 'after 3000' command is executed.
20:35:53 INFO  : 'targets -set -filter {jtag_cable_name =~ "Digilent Zybo Z7 210351B3FEE3A" && level==0 && jtag_device_ctx=="jsn-Zybo Z7-210351B3FEE3A-13722093-0"}' command is executed.
20:35:55 INFO  : Device configured successfully with "C:/Users/sri_s/OneDrive/Desktop/ECE_520/Project/software/dma_host/_ide/bitstream/design_1_wrapper.bit"
20:35:55 INFO  : Context for 'APU' is selected.
20:35:55 INFO  : Hardware design and registers information is loaded from 'C:/Users/sri_s/OneDrive/Desktop/ECE_520/Project/software/dma_platform/export/dma_platform/hw/design_1_wrapper.xsa'.
20:35:55 INFO  : 'configparams force-mem-access 1' command is executed.
20:35:55 INFO  : Context for 'APU' is selected.
20:35:55 INFO  : Sourcing of 'C:/Users/sri_s/OneDrive/Desktop/ECE_520/Project/software/dma_host/_ide/psinit/ps7_init.tcl' is done.
20:36:42 INFO  : 'ps7_init' command is executed.
20:36:42 INFO  : 'ps7_post_config' command is executed.
20:36:42 INFO  : Context for processor 'ps7_cortexa9_0' is selected.
20:36:51 INFO  : The application 'C:/Users/sri_s/OneDrive/Desktop/ECE_520/Project/software/dma_host/Debug/dma_host.elf' is downloaded to processor 'ps7_cortexa9_0'.
20:36:51 INFO  : 'configparams force-mem-access 0' command is executed.
20:36:51 INFO  : ----------------XSDB Script----------------
connect -url tcp:127.0.0.1:3121
targets -set -nocase -filter {name =~"APU*"}
rst -system
after 3000
targets -set -filter {jtag_cable_name =~ "Digilent Zybo Z7 210351B3FEE3A" && level==0 && jtag_device_ctx=="jsn-Zybo Z7-210351B3FEE3A-13722093-0"}
fpga -file C:/Users/sri_s/OneDrive/Desktop/ECE_520/Project/software/dma_host/_ide/bitstream/design_1_wrapper.bit
targets -set -nocase -filter {name =~"APU*"}
loadhw -hw C:/Users/sri_s/OneDrive/Desktop/ECE_520/Project/software/dma_platform/export/dma_platform/hw/design_1_wrapper.xsa -mem-ranges [list {0x40000000 0xbfffffff}] -regs
configparams force-mem-access 1
targets -set -nocase -filter {name =~"APU*"}
source C:/Users/sri_s/OneDrive/Desktop/ECE_520/Project/software/dma_host/_ide/psinit/ps7_init.tcl
ps7_init
ps7_post_config
targets -set -nocase -filter {name =~ "*A9*#0"}
dow C:/Users/sri_s/OneDrive/Desktop/ECE_520/Project/software/dma_host/Debug/dma_host.elf
configparams force-mem-access 0
----------------End of Script----------------

20:37:01 INFO  : Context for processor 'ps7_cortexa9_0' is selected.
20:37:10 INFO  : 'con' command is executed.
20:37:10 INFO  : ----------------XSDB Script (After Launch)----------------
targets -set -nocase -filter {name =~ "*A9*#0"}
con
----------------End of Script----------------

20:37:10 INFO  : Launch script is exported to file 'C:\Users\sri_s\OneDrive\Desktop\ECE_520\Project\software\dma_host_system\_ide\scripts\debugger_dma_host-default.tcl'
20:39:50 INFO  : Disconnected from the channel tcfchan#8.
20:40:19 INFO  : Result from executing command 'removePlatformRepo': 
20:40:49 INFO  : Result from executing command 'getProjects': dma_platform
20:40:49 INFO  : Result from executing command 'getPlatforms': 
20:40:49 INFO  : Checking for BSP changes to sync application flags for project 'dma_host'...
20:41:05 INFO  : Connected to target on host '127.0.0.1' and port '3121'.
20:41:05 INFO  : Jtag cable 'Digilent Zybo Z7 210351B3FEE3A' is selected.
20:41:14 INFO  : 'jtag frequency' command is executed.
20:41:14 INFO  : Context for 'APU' is selected.
20:41:14 INFO  : System reset is completed.
20:41:17 INFO  : 'after 3000' command is executed.
20:41:24 INFO  : 'targets -set -filter {jtag_cable_name =~ "Digilent Zybo Z7 210351B3FEE3A" && level==0 && jtag_device_ctx=="jsn-Zybo Z7-210351B3FEE3A-13722093-0"}' command is executed.
20:41:25 INFO  : Device configured successfully with "C:/Users/sri_s/OneDrive/Desktop/ECE_520/Project/software/dma_host/_ide/bitstream/design_1_wrapper.bit"
20:41:25 INFO  : Context for 'APU' is selected.
20:41:25 INFO  : Hardware design and registers information is loaded from 'C:/Users/sri_s/OneDrive/Desktop/ECE_520/Project/software/dma_platform/export/dma_platform/hw/design_1_wrapper.xsa'.
20:41:25 INFO  : 'configparams force-mem-access 1' command is executed.
20:41:25 INFO  : Context for 'APU' is selected.
20:41:25 INFO  : Sourcing of 'C:/Users/sri_s/OneDrive/Desktop/ECE_520/Project/software/dma_host/_ide/psinit/ps7_init.tcl' is done.
20:41:53 INFO  : 'ps7_init' command is executed.
20:41:53 INFO  : 'ps7_post_config' command is executed.
20:41:53 INFO  : Context for processor 'ps7_cortexa9_0' is selected.
20:42:12 INFO  : The application 'C:/Users/sri_s/OneDrive/Desktop/ECE_520/Project/software/dma_host/Debug/dma_host.elf' is downloaded to processor 'ps7_cortexa9_0'.
20:42:22 INFO  : 'configparams force-mem-access 0' command is executed.
20:42:22 INFO  : ----------------XSDB Script----------------
connect -url tcp:127.0.0.1:3121
targets -set -nocase -filter {name =~"APU*"}
rst -system
after 3000
targets -set -filter {jtag_cable_name =~ "Digilent Zybo Z7 210351B3FEE3A" && level==0 && jtag_device_ctx=="jsn-Zybo Z7-210351B3FEE3A-13722093-0"}
fpga -file C:/Users/sri_s/OneDrive/Desktop/ECE_520/Project/software/dma_host/_ide/bitstream/design_1_wrapper.bit
targets -set -nocase -filter {name =~"APU*"}
loadhw -hw C:/Users/sri_s/OneDrive/Desktop/ECE_520/Project/software/dma_platform/export/dma_platform/hw/design_1_wrapper.xsa -mem-ranges [list {0x40000000 0xbfffffff}] -regs
configparams force-mem-access 1
targets -set -nocase -filter {name =~"APU*"}
source C:/Users/sri_s/OneDrive/Desktop/ECE_520/Project/software/dma_host/_ide/psinit/ps7_init.tcl
ps7_init
ps7_post_config
targets -set -nocase -filter {name =~ "*A9*#0"}
dow C:/Users/sri_s/OneDrive/Desktop/ECE_520/Project/software/dma_host/Debug/dma_host.elf
configparams force-mem-access 0
----------------End of Script----------------

20:42:31 INFO  : Context for processor 'ps7_cortexa9_0' is selected.
20:42:40 INFO  : 'con' command is executed.
20:42:40 INFO  : ----------------XSDB Script (After Launch)----------------
targets -set -nocase -filter {name =~ "*A9*#0"}
con
----------------End of Script----------------

20:42:40 INFO  : Launch script is exported to file 'C:\Users\sri_s\OneDrive\Desktop\ECE_520\Project\software\dma_host_system\_ide\scripts\debugger_dma_host-default.tcl'
21:05:52 INFO  : Disconnected from the channel tcfchan#11.
17:02:07 INFO  : Launching XSCT server: xsct.bat -n  -interactive C:\Users\sri_s\OneDrive\Desktop\ECE_520\Project\software\temp_xsdb_launch_script.tcl
17:02:12 INFO  : XSCT server has started successfully.
17:02:12 INFO  : Successfully done setting XSCT server connection channel  
17:02:12 INFO  : plnx-install-location is set to ''
17:02:12 INFO  : Successfully done setting workspace for the tool. 
17:02:13 INFO  : Registering command handlers for Vitis TCF services
17:02:13 INFO  : Platform repository initialization has completed.
17:02:18 INFO  : Successfully done query RDI_DATADIR 
17:02:30 INFO  : Checking for BSP changes to sync application flags for project 'dma_host'...
17:03:11 INFO  : Connected to target on host '127.0.0.1' and port '3121'.
17:03:23 INFO  : Device 'Digilent Zybo Z7 210351B3FEE3A/3-xc7z010' not found in the selected target configuration 'Local'
17:03:30 INFO  : Connected to target on host '127.0.0.1' and port '3121'.
17:03:35 INFO  : 'targets -set -filter {jtag_cable_name =~ "Digilent Zybo Z7 210351B3FEE4A" && level==0 && jtag_device_ctx=="jsn-Zybo Z7-210351B3FEE4A-13722093-0"}' command is executed.
17:03:47 INFO  : Device configured successfully with "C:/Users/sri_s/OneDrive/Desktop/ECE_520/Project/software/dma_host/_ide/bitstream/design_1_wrapper.bit"
17:04:45 INFO  : Connected to target on host '127.0.0.1' and port '3121'.
17:04:46 INFO  : Jtag cable 'Digilent Zybo Z7 210351B3FEE4A' is selected.
17:04:58 INFO  : 'jtag frequency' command is executed.
17:04:58 INFO  : Context for 'APU' is selected.
17:04:58 INFO  : System reset is completed.
17:05:01 INFO  : 'after 3000' command is executed.
17:05:10 INFO  : 'targets -set -filter {jtag_cable_name =~ "Digilent Zybo Z7 210351B3FEE4A" && level==0 && jtag_device_ctx=="jsn-Zybo Z7-210351B3FEE4A-13722093-0"}' command is executed.
17:05:22 INFO  : Device configured successfully with "C:/Users/sri_s/OneDrive/Desktop/ECE_520/Project/software/dma_host/_ide/bitstream/design_1_wrapper.bit"
17:05:34 INFO  : Context for 'APU' is selected.
17:05:46 INFO  : Hardware design and registers information is loaded from 'C:/Users/sri_s/OneDrive/Desktop/ECE_520/Project/software/dma_platform/export/dma_platform/hw/design_1_wrapper.xsa'.
17:05:46 INFO  : 'configparams force-mem-access 1' command is executed.
17:05:58 INFO  : Context for 'APU' is selected.
17:05:58 INFO  : Sourcing of 'C:/Users/sri_s/OneDrive/Desktop/ECE_520/Project/software/dma_host/_ide/psinit/ps7_init.tcl' is done.
17:08:41 INFO  : 'ps7_init' command is executed.
17:08:53 INFO  : 'ps7_post_config' command is executed.
17:09:05 INFO  : Context for processor 'ps7_cortexa9_0' is selected.
17:09:28 INFO  : The application 'C:/Users/sri_s/OneDrive/Desktop/ECE_520/Project/software/dma_host/Debug/dma_host.elf' is downloaded to processor 'ps7_cortexa9_0'.
17:09:40 INFO  : 'configparams force-mem-access 0' command is executed.
17:09:40 INFO  : ----------------XSDB Script----------------
connect -url tcp:127.0.0.1:3121
targets -set -nocase -filter {name =~"APU*"}
rst -system
after 3000
targets -set -filter {jtag_cable_name =~ "Digilent Zybo Z7 210351B3FEE4A" && level==0 && jtag_device_ctx=="jsn-Zybo Z7-210351B3FEE4A-13722093-0"}
fpga -file C:/Users/sri_s/OneDrive/Desktop/ECE_520/Project/software/dma_host/_ide/bitstream/design_1_wrapper.bit
targets -set -nocase -filter {name =~"APU*"}
loadhw -hw C:/Users/sri_s/OneDrive/Desktop/ECE_520/Project/software/dma_platform/export/dma_platform/hw/design_1_wrapper.xsa -mem-ranges [list {0x40000000 0xbfffffff}] -regs
configparams force-mem-access 1
targets -set -nocase -filter {name =~"APU*"}
source C:/Users/sri_s/OneDrive/Desktop/ECE_520/Project/software/dma_host/_ide/psinit/ps7_init.tcl
ps7_init
ps7_post_config
targets -set -nocase -filter {name =~ "*A9*#0"}
dow C:/Users/sri_s/OneDrive/Desktop/ECE_520/Project/software/dma_host/Debug/dma_host.elf
configparams force-mem-access 0
----------------End of Script----------------

17:10:15 INFO  : Context for processor 'ps7_cortexa9_0' is selected.
17:10:27 INFO  : 'con' command is executed.
17:10:27 INFO  : ----------------XSDB Script (After Launch)----------------
targets -set -nocase -filter {name =~ "*A9*#0"}
con
----------------End of Script----------------

17:10:27 INFO  : Launch script is exported to file 'C:\Users\sri_s\OneDrive\Desktop\ECE_520\Project\software\dma_host_system\_ide\scripts\debugger_dma_host-default.tcl'
18:01:45 INFO  : Connected to target on host '127.0.0.1' and port '3121'.
18:02:03 INFO  : Device 'Digilent Zybo Z7 210351B3FEE4A/3-xc7z010' not found in the selected target configuration 'Local'
18:05:19 INFO  : Connected to target on host '127.0.0.1' and port '3121'.
18:05:53 INFO  : Connected to target on host '127.0.0.1' and port '3121'.
18:05:59 INFO  : Connected to target on host '127.0.0.1' and port '3121'.
18:06:04 INFO  : 'targets -set -filter {jtag_cable_name =~ "Digilent Zybo Z7 210351B3FEE4A" && level==0 && jtag_device_ctx=="jsn-Zybo Z7-210351B3FEE4A-13722093-0"}' command is executed.
18:06:16 INFO  : Device configured successfully with "C:/Users/sri_s/OneDrive/Desktop/ECE_520/Project/software/dma_host/_ide/bitstream/design_1_wrapper.bit"
18:11:09 INFO  : Connected to target on host '127.0.0.1' and port '3121'.
18:11:10 INFO  : 'targets -set -filter {jtag_cable_name =~ "Digilent Zybo Z7 210351B3FEE4A" && level==0 && jtag_device_ctx=="jsn-Zybo Z7-210351B3FEE4A-13722093-0"}' command is executed.
18:11:23 INFO  : Device configured successfully with "C:/Users/sri_s/OneDrive/Desktop/ECE_520/Project/software/dma_host/_ide/bitstream/design_1_wrapper.bit"
18:11:46 INFO  : Disconnected from the channel tcfchan#1.
18:11:58 INFO  : Connected to target on host '127.0.0.1' and port '3121'.
18:11:58 INFO  : Jtag cable 'Digilent Zybo Z7 210351B3FEE4A' is selected.
18:12:09 INFO  : 'jtag frequency' command is executed.
18:12:13 ERROR : no targets found with "name =~"APU*"". available targets:
  1* xc7z010
18:12:13 INFO  : ----------------XSDB Script----------------
connect -url tcp:127.0.0.1:3121
targets -set -nocase -filter {name =~"APU*"}
----------------End of Script----------------

18:12:13 ERROR : no targets found with "name =~"APU*"". available targets:
  1* xc7z010
18:12:53 INFO  : Connected to target on host '127.0.0.1' and port '3121'.
18:12:57 INFO  : Jtag cable 'Digilent Zybo Z7 210351B3FEE4A' is selected.
18:13:08 INFO  : 'jtag frequency' command is executed.
18:13:08 INFO  : Context for 'APU' is selected.
18:13:08 INFO  : System reset is completed.
18:13:11 INFO  : 'after 3000' command is executed.
18:13:20 INFO  : 'targets -set -filter {jtag_cable_name =~ "Digilent Zybo Z7 210351B3FEE4A" && level==0 && jtag_device_ctx=="jsn-Zybo Z7-210351B3FEE4A-13722093-0"}' command is executed.
18:13:33 INFO  : Device configured successfully with "C:/Users/sri_s/OneDrive/Desktop/ECE_520/Project/software/dma_host/_ide/bitstream/design_1_wrapper.bit"
18:13:45 INFO  : Context for 'APU' is selected.
18:13:56 INFO  : Hardware design and registers information is loaded from 'C:/Users/sri_s/OneDrive/Desktop/ECE_520/Project/software/dma_platform/export/dma_platform/hw/design_1_wrapper.xsa'.
18:13:56 INFO  : 'configparams force-mem-access 1' command is executed.
18:13:56 INFO  : Context for 'APU' is selected.
18:13:56 INFO  : Sourcing of 'C:/Users/sri_s/OneDrive/Desktop/ECE_520/Project/software/dma_host/_ide/psinit/ps7_init.tcl' is done.
18:17:27 INFO  : 'ps7_init' command is executed.
18:17:39 INFO  : 'ps7_post_config' command is executed.
18:17:39 INFO  : Context for processor 'ps7_cortexa9_0' is selected.
18:18:14 INFO  : The application 'C:/Users/sri_s/OneDrive/Desktop/ECE_520/Project/software/dma_host/Debug/dma_host.elf' is downloaded to processor 'ps7_cortexa9_0'.
18:18:26 INFO  : 'configparams force-mem-access 0' command is executed.
18:18:26 INFO  : ----------------XSDB Script----------------
connect -url tcp:127.0.0.1:3121
targets -set -nocase -filter {name =~"APU*"}
rst -system
after 3000
targets -set -filter {jtag_cable_name =~ "Digilent Zybo Z7 210351B3FEE4A" && level==0 && jtag_device_ctx=="jsn-Zybo Z7-210351B3FEE4A-13722093-0"}
fpga -file C:/Users/sri_s/OneDrive/Desktop/ECE_520/Project/software/dma_host/_ide/bitstream/design_1_wrapper.bit
targets -set -nocase -filter {name =~"APU*"}
loadhw -hw C:/Users/sri_s/OneDrive/Desktop/ECE_520/Project/software/dma_platform/export/dma_platform/hw/design_1_wrapper.xsa -mem-ranges [list {0x40000000 0xbfffffff}] -regs
configparams force-mem-access 1
targets -set -nocase -filter {name =~"APU*"}
source C:/Users/sri_s/OneDrive/Desktop/ECE_520/Project/software/dma_host/_ide/psinit/ps7_init.tcl
ps7_init
ps7_post_config
targets -set -nocase -filter {name =~ "*A9*#0"}
dow C:/Users/sri_s/OneDrive/Desktop/ECE_520/Project/software/dma_host/Debug/dma_host.elf
configparams force-mem-access 0
----------------End of Script----------------

18:18:37 INFO  : Context for processor 'ps7_cortexa9_0' is selected.
18:19:01 INFO  : 'con' command is executed.
18:19:01 INFO  : ----------------XSDB Script (After Launch)----------------
targets -set -nocase -filter {name =~ "*A9*#0"}
con
----------------End of Script----------------

18:19:01 INFO  : Launch script is exported to file 'C:\Users\sri_s\OneDrive\Desktop\ECE_520\Project\software\dma_host_system\_ide\scripts\debugger_dma_host-default.tcl'
18:23:10 INFO  : Disconnected from the channel tcfchan#2.
18:23:19 INFO  : Connected to target on host '127.0.0.1' and port '3121'.
18:23:19 INFO  : Jtag cable 'Digilent Zybo Z7 210351B3FEE4A' is selected.
18:23:30 INFO  : 'jtag frequency' command is executed.
18:23:30 INFO  : Context for 'APU' is selected.
18:23:30 INFO  : System reset is completed.
18:23:33 INFO  : 'after 3000' command is executed.
18:23:42 INFO  : 'targets -set -filter {jtag_cable_name =~ "Digilent Zybo Z7 210351B3FEE4A" && level==0 && jtag_device_ctx=="jsn-Zybo Z7-210351B3FEE4A-13722093-0"}' command is executed.
18:23:55 INFO  : Device configured successfully with "C:/Users/sri_s/OneDrive/Desktop/ECE_520/Project/software/dma_host/_ide/bitstream/design_1_wrapper.bit"
18:24:07 INFO  : Context for 'APU' is selected.
18:24:19 INFO  : Hardware design and registers information is loaded from 'C:/Users/sri_s/OneDrive/Desktop/ECE_520/Project/software/dma_platform/export/dma_platform/hw/design_1_wrapper.xsa'.
18:24:19 INFO  : 'configparams force-mem-access 1' command is executed.
18:24:19 INFO  : Context for 'APU' is selected.
18:24:19 INFO  : Sourcing of 'C:/Users/sri_s/OneDrive/Desktop/ECE_520/Project/software/dma_host/_ide/psinit/ps7_init.tcl' is done.
18:26:39 INFO  : 'ps7_init' command is executed.
18:26:51 INFO  : 'ps7_post_config' command is executed.
18:26:51 INFO  : Context for processor 'ps7_cortexa9_0' is selected.
18:27:26 INFO  : The application 'C:/Users/sri_s/OneDrive/Desktop/ECE_520/Project/software/dma_host/Debug/dma_host.elf' is downloaded to processor 'ps7_cortexa9_0'.
18:27:38 INFO  : 'configparams force-mem-access 0' command is executed.
18:27:38 INFO  : ----------------XSDB Script----------------
connect -url tcp:127.0.0.1:3121
targets -set -nocase -filter {name =~"APU*"}
rst -system
after 3000
targets -set -filter {jtag_cable_name =~ "Digilent Zybo Z7 210351B3FEE4A" && level==0 && jtag_device_ctx=="jsn-Zybo Z7-210351B3FEE4A-13722093-0"}
fpga -file C:/Users/sri_s/OneDrive/Desktop/ECE_520/Project/software/dma_host/_ide/bitstream/design_1_wrapper.bit
targets -set -nocase -filter {name =~"APU*"}
loadhw -hw C:/Users/sri_s/OneDrive/Desktop/ECE_520/Project/software/dma_platform/export/dma_platform/hw/design_1_wrapper.xsa -mem-ranges [list {0x40000000 0xbfffffff}] -regs
configparams force-mem-access 1
targets -set -nocase -filter {name =~"APU*"}
source C:/Users/sri_s/OneDrive/Desktop/ECE_520/Project/software/dma_host/_ide/psinit/ps7_init.tcl
ps7_init
ps7_post_config
targets -set -nocase -filter {name =~ "*A9*#0"}
dow C:/Users/sri_s/OneDrive/Desktop/ECE_520/Project/software/dma_host/Debug/dma_host.elf
configparams force-mem-access 0
----------------End of Script----------------

18:27:50 INFO  : Context for processor 'ps7_cortexa9_0' is selected.
18:28:13 INFO  : 'con' command is executed.
18:28:13 INFO  : ----------------XSDB Script (After Launch)----------------
targets -set -nocase -filter {name =~ "*A9*#0"}
con
----------------End of Script----------------

18:28:13 INFO  : Launch script is exported to file 'C:\Users\sri_s\OneDrive\Desktop\ECE_520\Project\software\dma_host_system\_ide\scripts\debugger_dma_host-default.tcl'
15:50:46 INFO  : Launching XSCT server: xsct.bat -n  -interactive C:\Users\sri_s\OneDrive\Desktop\ECE_520\Project\software\temp_xsdb_launch_script.tcl
15:50:49 INFO  : Platform repository initialization has completed.
15:50:49 INFO  : XSCT server has started successfully.
15:50:49 INFO  : Registering command handlers for Vitis TCF services
15:50:52 INFO  : Successfully done setting XSCT server connection channel  
15:50:52 INFO  : plnx-install-location is set to ''
15:50:52 INFO  : Successfully done query RDI_DATADIR 
15:50:52 INFO  : Successfully done setting workspace for the tool. 
15:53:11 INFO  : Checking for BSP changes to sync application flags for project 'dma_host'...
15:54:14 INFO  : Connected to target on host '127.0.0.1' and port '3121'.
15:54:19 INFO  : Device 'Digilent Zybo Z7 210351B3FEE4A/3-xc7z010' not found in the selected target configuration 'Local'
15:54:25 INFO  : Connected to target on host '127.0.0.1' and port '3121'.
15:54:28 INFO  : 'targets -set -filter {jtag_cable_name =~ "Digilent Zybo Z7 210351B3FEE3A" && level==0 && jtag_device_ctx=="jsn-Zybo Z7-210351B3FEE3A-13722093-0"}' command is executed.
15:54:29 INFO  : Device configured successfully with "C:/Users/sri_s/OneDrive/Desktop/ECE_520/Project/software/dma_host/_ide/bitstream/design_1_wrapper.bit"
15:54:48 INFO  : Connected to target on host '127.0.0.1' and port '3121'.
15:54:52 INFO  : Jtag cable 'Digilent Zybo Z7 210351B3FEE3A' is selected.
15:54:56 INFO  : 'jtag frequency' command is executed.
15:54:56 INFO  : Context for 'APU' is selected.
15:54:56 INFO  : System reset is completed.
15:54:59 INFO  : 'after 3000' command is executed.
15:55:00 INFO  : 'targets -set -filter {jtag_cable_name =~ "Digilent Zybo Z7 210351B3FEE3A" && level==0 && jtag_device_ctx=="jsn-Zybo Z7-210351B3FEE3A-13722093-0"}' command is executed.
15:55:02 INFO  : Device configured successfully with "C:/Users/sri_s/OneDrive/Desktop/ECE_520/Project/software/dma_host/_ide/bitstream/design_1_wrapper.bit"
15:55:02 INFO  : Context for 'APU' is selected.
15:55:06 INFO  : Hardware design and registers information is loaded from 'C:/Users/sri_s/OneDrive/Desktop/ECE_520/Project/software/dma_platform/export/dma_platform/hw/design_1_wrapper.xsa'.
15:55:06 INFO  : 'configparams force-mem-access 1' command is executed.
15:55:06 INFO  : Context for 'APU' is selected.
15:55:06 INFO  : Sourcing of 'C:/Users/sri_s/OneDrive/Desktop/ECE_520/Project/software/dma_host/_ide/psinit/ps7_init.tcl' is done.
15:55:37 INFO  : 'ps7_init' command is executed.
15:55:37 INFO  : 'ps7_post_config' command is executed.
15:55:41 INFO  : Context for processor 'ps7_cortexa9_0' is selected.
15:55:46 INFO  : The application 'C:/Users/sri_s/OneDrive/Desktop/ECE_520/Project/software/dma_host/Debug/dma_host.elf' is downloaded to processor 'ps7_cortexa9_0'.
15:55:50 INFO  : 'configparams force-mem-access 0' command is executed.
15:55:50 INFO  : ----------------XSDB Script----------------
connect -url tcp:127.0.0.1:3121
targets -set -nocase -filter {name =~"APU*"}
rst -system
after 3000
targets -set -filter {jtag_cable_name =~ "Digilent Zybo Z7 210351B3FEE3A" && level==0 && jtag_device_ctx=="jsn-Zybo Z7-210351B3FEE3A-13722093-0"}
fpga -file C:/Users/sri_s/OneDrive/Desktop/ECE_520/Project/software/dma_host/_ide/bitstream/design_1_wrapper.bit
targets -set -nocase -filter {name =~"APU*"}
loadhw -hw C:/Users/sri_s/OneDrive/Desktop/ECE_520/Project/software/dma_platform/export/dma_platform/hw/design_1_wrapper.xsa -mem-ranges [list {0x40000000 0xbfffffff}] -regs
configparams force-mem-access 1
targets -set -nocase -filter {name =~"APU*"}
source C:/Users/sri_s/OneDrive/Desktop/ECE_520/Project/software/dma_host/_ide/psinit/ps7_init.tcl
ps7_init
ps7_post_config
targets -set -nocase -filter {name =~ "*A9*#0"}
dow C:/Users/sri_s/OneDrive/Desktop/ECE_520/Project/software/dma_host/Debug/dma_host.elf
configparams force-mem-access 0
----------------End of Script----------------

15:55:55 INFO  : Context for processor 'ps7_cortexa9_0' is selected.
15:55:55 INFO  : 'con' command is executed.
15:55:55 INFO  : ----------------XSDB Script (After Launch)----------------
targets -set -nocase -filter {name =~ "*A9*#0"}
con
----------------End of Script----------------

15:55:55 INFO  : Launch script is exported to file 'C:\Users\sri_s\OneDrive\Desktop\ECE_520\Project\software\dma_host_system\_ide\scripts\debugger_dma_host-default.tcl'
12:45:04 INFO  : Result from executing command 'removePlatformRepo': 
12:49:33 INFO  : Result from executing command 'getProjects': dma_platform
12:49:33 INFO  : Result from executing command 'getPlatforms': 
12:49:33 INFO  : Checking for BSP changes to sync application flags for project 'dma_host'...
12:51:40 INFO  : Connected to target on host '127.0.0.1' and port '3121'.
12:51:50 INFO  : Connected to target on host '127.0.0.1' and port '3121'.
12:51:53 INFO  : 'targets -set -filter {jtag_cable_name =~ "Digilent Zybo Z7 210351B3FEE3A" && level==0 && jtag_device_ctx=="jsn-Zybo Z7-210351B3FEE3A-13722093-0"}' command is executed.
12:51:55 INFO  : Device configured successfully with "C:/Users/sri_s/OneDrive/Desktop/ECE_520/Project/software/dma_host/_ide/bitstream/design_1_wrapper.bit"
12:52:38 INFO  : Disconnected from the channel tcfchan#1.
12:52:39 INFO  : Connected to target on host '127.0.0.1' and port '3121'.
12:52:40 INFO  : Jtag cable 'Digilent Zybo Z7 210351B3FEE3A' is selected.
12:52:51 INFO  : 'jtag frequency' command is executed.
12:52:51 INFO  : Context for 'APU' is selected.
12:52:51 INFO  : System reset is completed.
12:52:54 INFO  : 'after 3000' command is executed.
12:53:02 INFO  : 'targets -set -filter {jtag_cable_name =~ "Digilent Zybo Z7 210351B3FEE3A" && level==0 && jtag_device_ctx=="jsn-Zybo Z7-210351B3FEE3A-13722093-0"}' command is executed.
12:53:03 INFO  : Device configured successfully with "C:/Users/sri_s/OneDrive/Desktop/ECE_520/Project/software/dma_host/_ide/bitstream/design_1_wrapper.bit"
12:53:03 INFO  : Context for 'APU' is selected.
12:53:14 INFO  : Hardware design and registers information is loaded from 'C:/Users/sri_s/OneDrive/Desktop/ECE_520/Project/software/dma_platform/export/dma_platform/hw/design_1_wrapper.xsa'.
12:53:14 INFO  : 'configparams force-mem-access 1' command is executed.
12:53:14 INFO  : Context for 'APU' is selected.
12:53:14 INFO  : Sourcing of 'C:/Users/sri_s/OneDrive/Desktop/ECE_520/Project/software/dma_host/_ide/psinit/ps7_init.tcl' is done.
12:54:10 INFO  : 'ps7_init' command is executed.
12:54:10 INFO  : 'ps7_post_config' command is executed.
12:54:21 INFO  : Context for processor 'ps7_cortexa9_0' is selected.
12:54:33 INFO  : The application 'C:/Users/sri_s/OneDrive/Desktop/ECE_520/Project/software/dma_host/Debug/dma_host.elf' is downloaded to processor 'ps7_cortexa9_0'.
12:54:33 INFO  : 'configparams force-mem-access 0' command is executed.
12:54:33 INFO  : ----------------XSDB Script----------------
connect -url tcp:127.0.0.1:3121
targets -set -nocase -filter {name =~"APU*"}
rst -system
after 3000
targets -set -filter {jtag_cable_name =~ "Digilent Zybo Z7 210351B3FEE3A" && level==0 && jtag_device_ctx=="jsn-Zybo Z7-210351B3FEE3A-13722093-0"}
fpga -file C:/Users/sri_s/OneDrive/Desktop/ECE_520/Project/software/dma_host/_ide/bitstream/design_1_wrapper.bit
targets -set -nocase -filter {name =~"APU*"}
loadhw -hw C:/Users/sri_s/OneDrive/Desktop/ECE_520/Project/software/dma_platform/export/dma_platform/hw/design_1_wrapper.xsa -mem-ranges [list {0x40000000 0xbfffffff}] -regs
configparams force-mem-access 1
targets -set -nocase -filter {name =~"APU*"}
source C:/Users/sri_s/OneDrive/Desktop/ECE_520/Project/software/dma_host/_ide/psinit/ps7_init.tcl
ps7_init
ps7_post_config
targets -set -nocase -filter {name =~ "*A9*#0"}
dow C:/Users/sri_s/OneDrive/Desktop/ECE_520/Project/software/dma_host/Debug/dma_host.elf
configparams force-mem-access 0
----------------End of Script----------------

12:54:44 INFO  : Context for processor 'ps7_cortexa9_0' is selected.
12:54:55 INFO  : 'con' command is executed.
12:54:55 INFO  : ----------------XSDB Script (After Launch)----------------
targets -set -nocase -filter {name =~ "*A9*#0"}
con
----------------End of Script----------------

12:54:55 INFO  : Launch script is exported to file 'C:\Users\sri_s\OneDrive\Desktop\ECE_520\Project\software\dma_host_system\_ide\scripts\debugger_dma_host-default.tcl'
16:56:34 INFO  : Disconnected from the channel tcfchan#4.
